2020-07-15 23:41:45,075 [main] INFO CucumberWithSeleniumProject - ******************** Launching Browser **************************
2020-07-15 23:41:54,302 [main] INFO CucumberWithSeleniumProject - ******************** Open Application **************************
2020-07-15 23:41:55,610 [main] INFO CucumberWithSeleniumProject - ******************** Entering Login Details **************************
2020-07-15 23:42:02,592 [main] INFO CucumberWithSeleniumProject - ******************** Launching Browser **************************
2020-07-15 23:42:08,450 [main] INFO CucumberWithSeleniumProject - ******************** Open Application **************************
2020-07-15 23:42:14,073 [main] INFO CucumberWithSeleniumProject - ******************** Entering Login Details **************************
2020-07-15 23:42:21,622 [main] INFO CucumberWithSeleniumProject - ******************** Launching Browser **************************
2020-07-15 23:42:27,048 [main] INFO CucumberWithSeleniumProject - ******************** Open Application **************************
2020-07-15 23:42:27,681 [main] INFO CucumberWithSeleniumProject - ******************** Entering Login Details **************************
2020-07-15 23:42:36,970 [main] INFO CucumberWithSeleniumProject - ******************** Launching Browser **************************
2020-07-15 23:42:42,593 [main] INFO CucumberWithSeleniumProject - ******************** Open Application **************************
2020-07-15 23:42:47,022 [main] INFO CucumberWithSeleniumProject - ******************** Entering Login Details **************************
2020-07-15 23:42:53,931 [main] INFO CucumberWithSeleniumProject - ******************** Launching Browser **************************
2020-07-15 23:42:59,495 [main] INFO CucumberWithSeleniumProject - ******************** Open Application **************************
2020-07-15 23:43:01,675 [main] INFO CucumberWithSeleniumProject - ******************** Entering Login Details **************************
2020-07-15 23:43:09,845 [main] INFO CucumberWithSeleniumProject - ******************** Verifying Records created **************************
2020-07-15 23:43:11,633 [main] INFO CucumberWithSeleniumProject - ******************** Launching Browser **************************
2020-07-15 23:43:17,537 [main] INFO CucumberWithSeleniumProject - ******************** Open Application **************************
2020-07-15 23:43:18,190 [main] INFO CucumberWithSeleniumProject - ******************** Entering Login Details **************************
2020-07-15 23:43:24,848 [main] INFO CucumberWithSeleniumProject - ******************** Launching Browser **************************
2020-07-15 23:43:30,688 [main] INFO CucumberWithSeleniumProject - ******************** Open Application **************************
2020-07-16 11:36:12,119 [main] INFO CucumberWithSeleniumProject - Project path is-C:\Users\shawo\IdeaProjects\CucumberWithSeleniumProject
2020-07-16 11:36:16,143 [main] INFO CucumberWithSeleniumProject - ******************** Launching Browser **************************
2020-07-16 11:36:18,327 [main] INFO CucumberWithSeleniumProject - ******************** Open Application **************************
2020-07-16 11:36:18,929 [main] INFO CucumberWithSeleniumProject - ******************** Entering Login Details **************************
2020-07-16 11:36:32,529 [main] INFO CucumberWithSeleniumProject - Project path is-C:\Users\shawo\IdeaProjects\CucumberWithSeleniumProject
2020-07-16 11:36:36,220 [main] INFO CucumberWithSeleniumProject - ******************** Launching Browser **************************
2020-07-16 11:36:38,389 [main] INFO CucumberWithSeleniumProject - ******************** Open Application **************************
2020-07-16 11:37:27,876 [main] INFO CucumberWithSeleniumProject - Project path is-C:\Users\shawo\IdeaProjects\CucumberWithSeleniumProject
2020-07-16 11:37:31,752 [main] INFO CucumberWithSeleniumProject - ******************** Launching Browser **************************
2020-07-16 11:37:33,917 [main] INFO CucumberWithSeleniumProject - ******************** Open Application **************************
2020-07-16 11:37:34,522 [main] INFO CucumberWithSeleniumProject - ******************** Entering Login Details **************************
2020-07-16 11:42:39,695 [main] INFO CucumberWithSeleniumProject - Project path is-C:\Users\shawo\IdeaProjects\CucumberWithSeleniumProject
2020-07-16 11:42:43,511 [main] INFO CucumberWithSeleniumProject - ******************** Launching Browser **************************
2020-07-16 11:42:45,717 [main] INFO CucumberWithSeleniumProject - ******************** Open Application **************************
2020-07-16 11:42:47,213 [main] INFO CucumberWithSeleniumProject - ******************** Entering Login Details **************************
2020-07-16 11:42:54,165 [main] INFO CucumberWithSeleniumProject - Project path is-C:\Users\shawo\IdeaProjects\CucumberWithSeleniumProject
2020-07-16 11:42:57,738 [main] INFO CucumberWithSeleniumProject - ******************** Launching Browser **************************
2020-07-16 11:42:59,935 [main] INFO CucumberWithSeleniumProject - ******************** Open Application **************************
2020-07-16 11:43:01,243 [main] INFO CucumberWithSeleniumProject - ******************** Entering Login Details **************************
2020-07-16 11:43:07,311 [main] INFO CucumberWithSeleniumProject - Project path is-C:\Users\shawo\IdeaProjects\CucumberWithSeleniumProject
2020-07-16 11:43:10,477 [main] INFO CucumberWithSeleniumProject - ******************** Launching Browser **************************
2020-07-16 11:43:12,655 [main] INFO CucumberWithSeleniumProject - ******************** Open Application **************************
2020-07-16 11:43:13,973 [main] INFO CucumberWithSeleniumProject - ******************** Entering Login Details **************************
2020-07-16 11:43:18,948 [main] INFO CucumberWithSeleniumProject - Project path is-C:\Users\shawo\IdeaProjects\CucumberWithSeleniumProject
2020-07-16 11:43:22,292 [main] INFO CucumberWithSeleniumProject - ******************** Launching Browser **************************
2020-07-16 11:43:24,468 [main] INFO CucumberWithSeleniumProject - ******************** Open Application **************************
2020-07-16 11:43:25,113 [main] INFO CucumberWithSeleniumProject - ******************** Entering Login Details **************************
2020-07-16 11:43:31,172 [main] INFO CucumberWithSeleniumProject - Project path is-C:\Users\shawo\IdeaProjects\CucumberWithSeleniumProject
2020-07-16 11:43:34,265 [main] INFO CucumberWithSeleniumProject - ******************** Launching Browser **************************
2020-07-16 11:43:36,437 [main] INFO CucumberWithSeleniumProject - ******************** Open Application **************************
2020-07-16 11:43:37,032 [main] INFO CucumberWithSeleniumProject - ******************** Entering Login Details **************************
2020-07-16 11:43:41,345 [main] INFO CucumberWithSeleniumProject - ******************** Verifying Records created **************************
2020-07-16 11:43:43,274 [main] INFO CucumberWithSeleniumProject - Project path is-C:\Users\shawo\IdeaProjects\CucumberWithSeleniumProject
2020-07-16 11:43:46,355 [main] INFO CucumberWithSeleniumProject - ******************** Launching Browser **************************
2020-07-16 11:43:48,537 [main] INFO CucumberWithSeleniumProject - ******************** Open Application **************************
2020-07-16 11:43:49,132 [main] INFO CucumberWithSeleniumProject - ******************** Entering Login Details **************************
2020-07-16 11:43:51,764 [main] INFO CucumberWithSeleniumProject - Project path is-C:\Users\shawo\IdeaProjects\CucumberWithSeleniumProject
2020-07-16 11:43:54,817 [main] INFO CucumberWithSeleniumProject - ******************** Launching Browser **************************
2020-07-16 11:43:57,003 [main] INFO CucumberWithSeleniumProject - ******************** Open Application **************************
2020-07-16 12:19:27,883 [main] INFO CucumberWithSeleniumProject - Project path is-C:\Users\shawo\IdeaProjects\CucumberWithSeleniumProject
2020-07-16 12:19:31,504 [main] INFO CucumberWithSeleniumProject - ******************** Launching Browser **************************
2020-07-16 12:19:33,683 [main] INFO CucumberWithSeleniumProject - ******************** Open Application **************************
2020-07-16 12:19:34,319 [main] INFO CucumberWithSeleniumProject - ******************** Entering Login Details **************************
2020-07-16 12:19:40,233 [main] INFO CucumberWithSeleniumProject - ******************** Verifying Records created **************************
2020-07-16 14:14:24,468 [main] INFO CucumberWithSeleniumProject - Project path is-C:\Users\shawo\IdeaProjects\CucumberWithSeleniumProject
2020-07-16 14:14:28,515 [main] INFO CucumberWithSeleniumProject - ******************** Launching Browser **************************
2020-07-16 14:14:30,713 [main] INFO CucumberWithSeleniumProject - ******************** Open Application **************************
2020-07-16 14:14:31,362 [main] INFO CucumberWithSeleniumProject - ******************** Entering Login Details **************************
2020-07-16 14:14:36,054 [main] INFO CucumberWithSeleniumProject - ******************** Verifying Records created **************************
2020-07-16 14:56:15,001 [main] INFO CucumberWithSeleniumProject - Project path is-C:\Users\shawo\IdeaProjects\CucumberWithSeleniumProject
2020-07-16 14:56:18,792 [main] INFO CucumberWithSeleniumProject - ******************** Launching Browser **************************
2020-07-16 14:56:21,001 [main] INFO CucumberWithSeleniumProject - ******************** Open Application **************************
2020-07-16 14:56:21,635 [main] INFO CucumberWithSeleniumProject - ******************** Entering Login Details **************************
2020-07-16 14:56:25,803 [main] INFO CucumberWithSeleniumProject - ******************** Verifying Records created **************************
2020-07-16 15:02:26,759 [main] INFO CucumberWithSeleniumProject - Project path is-C:\Users\shawo\IdeaProjects\CucumberWithSeleniumProject
2020-07-16 15:02:30,748 [main] INFO CucumberWithSeleniumProject - ******************** Launching Browser **************************
2020-07-16 15:02:32,921 [main] INFO CucumberWithSeleniumProject - ******************** Open Application **************************
2020-07-16 15:02:33,636 [main] INFO CucumberWithSeleniumProject - ******************** Entering Login Details **************************
2020-07-16 15:02:38,598 [main] INFO CucumberWithSeleniumProject - ******************** Verifying Records created **************************
2020-07-16 15:03:30,435 [main] INFO CucumberWithSeleniumProject - Project path is-C:\Users\shawo\IdeaProjects\CucumberWithSeleniumProject
2020-07-16 15:03:34,100 [main] INFO CucumberWithSeleniumProject - ******************** Launching Browser **************************
2020-07-16 15:03:36,317 [main] INFO CucumberWithSeleniumProject - ******************** Open Application **************************
2020-07-16 15:03:36,935 [main] INFO CucumberWithSeleniumProject - ******************** Entering Login Details **************************
2020-07-16 15:03:41,030 [main] INFO CucumberWithSeleniumProject - ******************** Verifying Records created **************************
